Using pre-set license
Built from '2020.3/staging' branch; Version is '2020.3.32f1 (12f8b0834f07) revision 1243312'; Using compiler version '192528614'; Build Type 'Release'
OS: 'Windows 10  (10.0.19044) 64bit Core' Language: 'en' Physical Memory: 16147 MB
BatchMode: 1, IsHumanControllingUs: 0, StartBugReporterOnCrash: 0, Is64bit: 1, IsPro: 0

COMMAND LINE ARGUMENTS:
C:\Program Files\Unity\Hub\Editor\2020.3.32f1\Editor\Unity.exe
-adb2
-batchMode
-noUpm
-name
AssetImportWorker0
-projectPath
C:/Users/mcint/Documents/GD50/debris
-logFile
Logs/AssetImportWorker0.log
-srvPort
59439
Successfully changed project path to: C:/Users/mcint/Documents/GD50/debris
C:/Users/mcint/Documents/GD50/debris
Using Asset Import Pipeline V2.
Refreshing native plugins compatible for Editor in 45.52 ms, found 2 plugins.
Preloading 0 native plugins for Editor in 0.00 ms.
Initialize engine version: 2020.3.32f1 (12f8b0834f07)
[Subsystems] Discovering subsystems at path C:/Program Files/Unity/Hub/Editor/2020.3.32f1/Editor/Data/Resources/UnitySubsystems
[Subsystems] Discovering subsystems at path C:/Users/mcint/Documents/GD50/debris/Assets
GfxDevice: creating device client; threaded=0
Direct3D:
    Version:  Direct3D 11.0 [level 11.1]
    Renderer: NVIDIA GeForce RTX 3060 Laptop GPU (ID=0x2520)
    Vendor:   
    VRAM:     6023 MB
    Driver:   30.0.15.1123
Initialize mono
Mono path[0] = 'C:/Program Files/Unity/Hub/Editor/2020.3.32f1/Editor/Data/Managed'
Mono path[1] = 'C:/Program Files/Unity/Hub/Editor/2020.3.32f1/Editor/Data/MonoBleedingEdge/lib/mono/unityjit'
Mono config path = 'C:/Program Files/Unity/Hub/Editor/2020.3.32f1/Editor/Data/MonoBleedingEdge/etc'
Using monoOptions --debugger-agent=transport=dt_socket,embedding=1,server=y,suspend=n,address=127.0.0.1:56300
Begin MonoManager ReloadAssembly
Registering precompiled unity dll's ...
Register platform support module: C:/Program Files/Unity/Hub/Editor/2020.3.32f1/Editor/Data/PlaybackEngines/WebGLSupport/UnityEditor.WebGL.Extensions.dll
Register platform support module: C:/Program Files/Unity/Hub/Editor/2020.3.32f1/Editor/Data/PlaybackEngines/WindowsStandaloneSupport/UnityEditor.WindowsStandalone.Extensions.dll
Registered in 0.001745 seconds.
Native extension for WindowsStandalone target not found
Native extension for WebGL target not found
Refreshing native plugins compatible for Editor in 44.30 ms, found 2 plugins.
Preloading 0 native plugins for Editor in 0.00 ms.
Mono: successfully reloaded assembly
- Completed reload, in  0.448 seconds
Domain Reload Profiling:
	ReloadAssembly (448ms)
		BeginReloadAssembly (49ms)
			ExecutionOrderSort (0ms)
			DisableScriptedObjects (0ms)
			BackupInstance (0ms)
			ReleaseScriptingObjects (0ms)
			CreateAndSetChildDomain (1ms)
		EndReloadAssembly (346ms)
			LoadAssemblies (47ms)
			RebuildTransferFunctionScriptingTraits (0ms)
			SetupTypeCache (112ms)
			ReleaseScriptCaches (0ms)
			RebuildScriptCaches (20ms)
			SetupLoadedEditorAssemblies (136ms)
				LogAssemblyErrors (0ms)
				InitializePlatformSupportModulesInManaged (4ms)
				SetLoadedEditorAssemblies (0ms)
				RefreshPlugins (44ms)
				BeforeProcessingInitializeOnLoad (11ms)
				ProcessInitializeOnLoadAttributes (57ms)
				ProcessInitializeOnLoadMethodAttributes (20ms)
				AfterProcessingInitializeOnLoad (0ms)
				EditorAssembliesLoaded (0ms)
			ExecutionOrderSort2 (0ms)
			AwakeInstancesAfterBackupRestoration (0ms)
Platform modules already initialized, skipping
Registering precompiled user dll's ...
Registered in 0.002401 seconds.
Begin MonoManager ReloadAssembly
Native extension for WindowsStandalone target not found
Native extension for WebGL target not found
Refreshing native plugins compatible for Editor in 46.73 ms, found 2 plugins.
Preloading 0 native plugins for Editor in 0.00 ms.
Mono: successfully reloaded assembly
- Completed reload, in  0.866 seconds
Domain Reload Profiling:
	ReloadAssembly (867ms)
		BeginReloadAssembly (111ms)
			ExecutionOrderSort (0ms)
			DisableScriptedObjects (3ms)
			BackupInstance (0ms)
			ReleaseScriptingObjects (0ms)
			CreateAndSetChildDomain (15ms)
		EndReloadAssembly (710ms)
			LoadAssemblies (79ms)
			RebuildTransferFunctionScriptingTraits (0ms)
			SetupTypeCache (227ms)
			ReleaseScriptCaches (0ms)
			RebuildScriptCaches (37ms)
			SetupLoadedEditorAssemblies (287ms)
				LogAssemblyErrors (0ms)
				InitializePlatformSupportModulesInManaged (3ms)
				SetLoadedEditorAssemblies (0ms)
				RefreshPlugins (47ms)
				BeforeProcessingInitializeOnLoad (73ms)
				ProcessInitializeOnLoadAttributes (153ms)
				ProcessInitializeOnLoadMethodAttributes (7ms)
				AfterProcessingInitializeOnLoad (4ms)
				EditorAssembliesLoaded (0ms)
			ExecutionOrderSort2 (0ms)
			AwakeInstancesAfterBackupRestoration (4ms)
Platform modules already initialized, skipping
========================================================================
Worker process is ready to serve import requests
Launched and connected shader compiler UnityShaderCompiler.exe after 0.03 seconds
Refreshing native plugins compatible for Editor in 0.57 ms, found 2 plugins.
Preloading 0 native plugins for Editor in 0.00 ms.
Unloading 3186 Unused Serialized files (Serialized files now loaded: 0)
System memory in use before: 148.2 MB.
System memory in use after: 148.4 MB.

Unloading 18 unused Assets to reduce memory usage. Loaded Objects now: 3635.
Total: 2.768400 ms (FindLiveObjects: 0.178300 ms CreateObjectMapping: 0.069900 ms MarkObjects: 2.410000 ms  DeleteObjects: 0.109200 ms)

AssetImportParameters requested are different than current active one (requested -> active):
  custom:framework-win-MediaFoundation: 216162199b28c13a410421893ffa2e32 -> 
  custom:video-decoder-ogg-theora: a1e56fd34408186e4bbccfd4996cb3dc -> 
  custom:container-muxer-webm: aa71ff27fc2769a1b78a27578f13a17b -> 
  custom:container-demuxer-webm: 4f35f7cbe854078d1ac9338744f61a02 -> 
  custom:container-demuxer-ogg: 62fdf1f143b41e24485cea50d1cbac27 -> 
  custom:video-encoder-webm-vp8: eb34c28f22e8b96e1ab97ce403110664 -> 
  custom:video-decoder-webm-vp8: 9c59270c3fd7afecdb556c50c9e8de78 -> 
  custom:audio-decoder-ogg-vorbis: bf7c407c2cedff20999df2af8eb42d56 -> 
  custom:audio-encoder-webm-vorbis: bf7c407c2cedff20999df2af8eb42d56 -> 
========================================================================
Received Import Request.
  path: Assets/Curb/End2.fbx
  artifactKey: Guid(e2b16ba6093d47943945c76c68f95c49) Importer(815301076,1909f56bfc062723c751e8b465ee728b)
Start importing Assets/Curb/End2.fbx using Guid(e2b16ba6093d47943945c76c68f95c49) Importer(815301076,1909f56bfc062723c751e8b465ee728b)  -> (artifact id: '01f8f97ccaa13a86a223ffc3f3c24eb4') in 0.266952 seconds 
========================================================================
Received Import Request.
  Time since last request: 0.000159 seconds.
  path: Assets/Curb/End1.fbx
  artifactKey: Guid(8273f234290704d43bb9a89b55832a98) Importer(815301076,1909f56bfc062723c751e8b465ee728b)
Start importing Assets/Curb/End1.fbx using Guid(8273f234290704d43bb9a89b55832a98) Importer(815301076,1909f56bfc062723c751e8b465ee728b)  -> (artifact id: '57bbcab7df6f698ae91d2327a4eacf58') in 0.097103 seconds 
========================================================================
Received Import Request.
  Time since last request: 0.000195 seconds.
  path: Assets/Curb/Crack.fbx
  artifactKey: Guid(7cb856be7784d5a408ae3d1135692239) Importer(815301076,1909f56bfc062723c751e8b465ee728b)
Start importing Assets/Curb/Crack.fbx using Guid(7cb856be7784d5a408ae3d1135692239) Importer(815301076,1909f56bfc062723c751e8b465ee728b)  -> (artifact id: '0cb24854e650bd760a29e11c485adca0') in 0.084391 seconds 
========================================================================
Received Import Request.
  Time since last request: 0.000157 seconds.
  path: Assets/Curb/Corner2.fbx
  artifactKey: Guid(a4912bd99dfcbf14b9a31791ffc392da) Importer(815301076,1909f56bfc062723c751e8b465ee728b)
Start importing Assets/Curb/Corner2.fbx using Guid(a4912bd99dfcbf14b9a31791ffc392da) Importer(815301076,1909f56bfc062723c751e8b465ee728b)  -> (artifact id: '07a14f5dc92fba1ce1813788581ca08d') in 0.076349 seconds 
========================================================================
Received Import Request.
  Time since last request: 0.000209 seconds.
  path: Assets/Curb/straight.fbx
  artifactKey: Guid(963d8f988922c5a418c58b755b8ca211) Importer(815301076,1909f56bfc062723c751e8b465ee728b)
Start importing Assets/Curb/straight.fbx using Guid(963d8f988922c5a418c58b755b8ca211) Importer(815301076,1909f56bfc062723c751e8b465ee728b)  -> (artifact id: '31ff305bdc765030f2324e43fd4e709a') in 0.072439 seconds 
========================================================================
Received Import Request.
  Time since last request: 69.559251 seconds.
  path: Assets/Curb/Straight.fbx
  artifactKey: Guid(963d8f988922c5a418c58b755b8ca211) Importer(815301076,1909f56bfc062723c751e8b465ee728b)
Start importing Assets/Curb/Straight.fbx using Guid(963d8f988922c5a418c58b755b8ca211) Importer(815301076,1909f56bfc062723c751e8b465ee728b)  -> (artifact id: '95bba1989e5566863e3a705571438d98') in 0.064947 seconds 
AssetImportWorkerClient::OnTransportError - code=2 error=End of file
