Using pre-set license
Built from '2020.3/staging' branch; Version is '2020.3.32f1 (12f8b0834f07) revision 1243312'; Using compiler version '192528614'; Build Type 'Release'
OS: 'Windows 10  (10.0.19044) 64bit Core' Language: 'en' Physical Memory: 16147 MB
BatchMode: 1, IsHumanControllingUs: 0, StartBugReporterOnCrash: 0, Is64bit: 1, IsPro: 0

COMMAND LINE ARGUMENTS:
C:\Program Files\Unity\Hub\Editor\2020.3.32f1\Editor\Unity.exe
-adb2
-batchMode
-noUpm
-name
AssetImportWorker0
-projectPath
C:/Users/mcint/Documents/GD50/debris
-logFile
Logs/AssetImportWorker0.log
-srvPort
56147
Successfully changed project path to: C:/Users/mcint/Documents/GD50/debris
C:/Users/mcint/Documents/GD50/debris
Using Asset Import Pipeline V2.
Refreshing native plugins compatible for Editor in 45.30 ms, found 2 plugins.
Preloading 0 native plugins for Editor in 0.00 ms.
Initialize engine version: 2020.3.32f1 (12f8b0834f07)
[Subsystems] Discovering subsystems at path C:/Program Files/Unity/Hub/Editor/2020.3.32f1/Editor/Data/Resources/UnitySubsystems
[Subsystems] Discovering subsystems at path C:/Users/mcint/Documents/GD50/debris/Assets
GfxDevice: creating device client; threaded=0
Direct3D:
    Version:  Direct3D 11.0 [level 11.1]
    Renderer: NVIDIA GeForce RTX 3060 Laptop GPU (ID=0x2520)
    Vendor:   
    VRAM:     6023 MB
    Driver:   30.0.15.1123
Initialize mono
Mono path[0] = 'C:/Program Files/Unity/Hub/Editor/2020.3.32f1/Editor/Data/Managed'
Mono path[1] = 'C:/Program Files/Unity/Hub/Editor/2020.3.32f1/Editor/Data/MonoBleedingEdge/lib/mono/unityjit'
Mono config path = 'C:/Program Files/Unity/Hub/Editor/2020.3.32f1/Editor/Data/MonoBleedingEdge/etc'
Using monoOptions --debugger-agent=transport=dt_socket,embedding=1,server=y,suspend=n,address=127.0.0.1:56716
Begin MonoManager ReloadAssembly
Registering precompiled unity dll's ...
Register platform support module: C:/Program Files/Unity/Hub/Editor/2020.3.32f1/Editor/Data/PlaybackEngines/WebGLSupport/UnityEditor.WebGL.Extensions.dll
Register platform support module: C:/Program Files/Unity/Hub/Editor/2020.3.32f1/Editor/Data/PlaybackEngines/WindowsStandaloneSupport/UnityEditor.WindowsStandalone.Extensions.dll
Registered in 0.001663 seconds.
Native extension for WindowsStandalone target not found
Native extension for WebGL target not found
Refreshing native plugins compatible for Editor in 45.33 ms, found 2 plugins.
Preloading 0 native plugins for Editor in 0.00 ms.
Mono: successfully reloaded assembly
- Completed reload, in  0.434 seconds
Domain Reload Profiling:
	ReloadAssembly (434ms)
		BeginReloadAssembly (46ms)
			ExecutionOrderSort (0ms)
			DisableScriptedObjects (0ms)
			BackupInstance (0ms)
			ReleaseScriptingObjects (0ms)
			CreateAndSetChildDomain (1ms)
		EndReloadAssembly (339ms)
			LoadAssemblies (44ms)
			RebuildTransferFunctionScriptingTraits (0ms)
			SetupTypeCache (106ms)
			ReleaseScriptCaches (0ms)
			RebuildScriptCaches (21ms)
			SetupLoadedEditorAssemblies (137ms)
				LogAssemblyErrors (0ms)
				InitializePlatformSupportModulesInManaged (4ms)
				SetLoadedEditorAssemblies (0ms)
				RefreshPlugins (45ms)
				BeforeProcessingInitializeOnLoad (12ms)
				ProcessInitializeOnLoadAttributes (58ms)
				ProcessInitializeOnLoadMethodAttributes (18ms)
				AfterProcessingInitializeOnLoad (0ms)
				EditorAssembliesLoaded (0ms)
			ExecutionOrderSort2 (0ms)
			AwakeInstancesAfterBackupRestoration (0ms)
Platform modules already initialized, skipping
Registering precompiled user dll's ...
Registered in 0.002603 seconds.
Begin MonoManager ReloadAssembly
Native extension for WindowsStandalone target not found
Native extension for WebGL target not found
Refreshing native plugins compatible for Editor in 46.51 ms, found 2 plugins.
Preloading 0 native plugins for Editor in 0.00 ms.
Mono: successfully reloaded assembly
- Completed reload, in  0.816 seconds
Domain Reload Profiling:
	ReloadAssembly (816ms)
		BeginReloadAssembly (101ms)
			ExecutionOrderSort (0ms)
			DisableScriptedObjects (3ms)
			BackupInstance (0ms)
			ReleaseScriptingObjects (0ms)
			CreateAndSetChildDomain (14ms)
		EndReloadAssembly (671ms)
			LoadAssemblies (71ms)
			RebuildTransferFunctionScriptingTraits (0ms)
			SetupTypeCache (207ms)
			ReleaseScriptCaches (0ms)
			RebuildScriptCaches (34ms)
			SetupLoadedEditorAssemblies (282ms)
				LogAssemblyErrors (0ms)
				InitializePlatformSupportModulesInManaged (3ms)
				SetLoadedEditorAssemblies (0ms)
				RefreshPlugins (47ms)
				BeforeProcessingInitializeOnLoad (72ms)
				ProcessInitializeOnLoadAttributes (149ms)
				ProcessInitializeOnLoadMethodAttributes (7ms)
				AfterProcessingInitializeOnLoad (4ms)
				EditorAssembliesLoaded (0ms)
			ExecutionOrderSort2 (0ms)
			AwakeInstancesAfterBackupRestoration (5ms)
Platform modules already initialized, skipping
========================================================================
Worker process is ready to serve import requests
Launched and connected shader compiler UnityShaderCompiler.exe after 0.04 seconds
Refreshing native plugins compatible for Editor in 0.68 ms, found 2 plugins.
Preloading 0 native plugins for Editor in 0.00 ms.
Unloading 3186 Unused Serialized files (Serialized files now loaded: 0)
System memory in use before: 148.2 MB.
System memory in use after: 148.4 MB.

Unloading 18 unused Assets to reduce memory usage. Loaded Objects now: 3635.
Total: 2.675200 ms (FindLiveObjects: 0.222700 ms CreateObjectMapping: 0.074300 ms MarkObjects: 2.265500 ms  DeleteObjects: 0.112000 ms)

AssetImportParameters requested are different than current active one (requested -> active):
  custom:framework-win-MediaFoundation: 216162199b28c13a410421893ffa2e32 -> 
  custom:video-decoder-ogg-theora: a1e56fd34408186e4bbccfd4996cb3dc -> 
  custom:container-muxer-webm: aa71ff27fc2769a1b78a27578f13a17b -> 
  custom:container-demuxer-webm: 4f35f7cbe854078d1ac9338744f61a02 -> 
  custom:container-demuxer-ogg: 62fdf1f143b41e24485cea50d1cbac27 -> 
  custom:video-encoder-webm-vp8: eb34c28f22e8b96e1ab97ce403110664 -> 
  custom:video-decoder-webm-vp8: 9c59270c3fd7afecdb556c50c9e8de78 -> 
  custom:audio-decoder-ogg-vorbis: bf7c407c2cedff20999df2af8eb42d56 -> 
  custom:audio-encoder-webm-vorbis: bf7c407c2cedff20999df2af8eb42d56 -> 
========================================================================
Received Import Request.
  path: Assets/Curb/Corner1.fbx
  artifactKey: Guid(a85c8d1896560eb41a1ecb4aa08da143) Importer(815301076,1909f56bfc062723c751e8b465ee728b)
Start importing Assets/Curb/Corner1.fbx using Guid(a85c8d1896560eb41a1ecb4aa08da143) Importer(815301076,1909f56bfc062723c751e8b465ee728b)  -> (artifact id: '679913f05e4aa85114b365b576c49d44') in 0.283064 seconds 
========================================================================
Received Import Request.
  Time since last request: 0.000181 seconds.
  path: Assets/Curb/curb.fbx
  artifactKey: Guid(ba0a77a60c9ddf2498a9e1717cded985) Importer(815301076,1909f56bfc062723c751e8b465ee728b)
Start importing Assets/Curb/curb.fbx using Guid(ba0a77a60c9ddf2498a9e1717cded985) Importer(815301076,1909f56bfc062723c751e8b465ee728b)  -> (artifact id: '19426214d3e5cc9eea67b26e08cdd426') in 0.062790 seconds 
========================================================================
Received Import Request.
  Time since last request: 0.000141 seconds.
  path: Assets/Curb/straight.fbx
  artifactKey: Guid(963d8f988922c5a418c58b755b8ca211) Importer(815301076,1909f56bfc062723c751e8b465ee728b)
Start importing Assets/Curb/straight.fbx using Guid(963d8f988922c5a418c58b755b8ca211) Importer(815301076,1909f56bfc062723c751e8b465ee728b)  -> (artifact id: '33317a2c0e0ce0b84b588afd40710be9') in 0.072223 seconds 
========================================================================
Received Import Request.
  Time since last request: 89.179034 seconds.
  path: Assets/Curb/curb.fbx
  artifactKey: Guid(ba0a77a60c9ddf2498a9e1717cded985) Importer(815301076,1909f56bfc062723c751e8b465ee728b)
Start importing Assets/Curb/curb.fbx using Guid(ba0a77a60c9ddf2498a9e1717cded985) Importer(815301076,1909f56bfc062723c751e8b465ee728b)  -> (artifact id: '478b0b3eae15056d8320bb1a8c562f0d') in 0.061014 seconds 
========================================================================
Received Import Request.
  Time since last request: 238.424527 seconds.
  path: Assets/Curb/curb.fbx
  artifactKey: Guid(ba0a77a60c9ddf2498a9e1717cded985) Importer(815301076,1909f56bfc062723c751e8b465ee728b)
Start importing Assets/Curb/curb.fbx using Guid(ba0a77a60c9ddf2498a9e1717cded985) Importer(815301076,1909f56bfc062723c751e8b465ee728b)  -> (artifact id: '093a589776d48f2cd1ebdf88d819b610') in 0.084664 seconds 
========================================================================
Received Import Request.
  Time since last request: 95.594863 seconds.
  path: Assets/Curb/straight.fbx
  artifactKey: Guid(963d8f988922c5a418c58b755b8ca211) Importer(815301076,1909f56bfc062723c751e8b465ee728b)
Start importing Assets/Curb/straight.fbx using Guid(963d8f988922c5a418c58b755b8ca211) Importer(815301076,1909f56bfc062723c751e8b465ee728b)  -> (artifact id: 'cbfb91b3c3f8f7a53dde01e105adb252') in 0.094638 seconds 
========================================================================
Received Import Request.
  Time since last request: 57.582808 seconds.
  path: Assets/Curb/Corner1.fbx
  artifactKey: Guid(a85c8d1896560eb41a1ecb4aa08da143) Importer(815301076,1909f56bfc062723c751e8b465ee728b)
Start importing Assets/Curb/Corner1.fbx using Guid(a85c8d1896560eb41a1ecb4aa08da143) Importer(815301076,1909f56bfc062723c751e8b465ee728b)  -> (artifact id: '458a860177c7b53f1a9bfbf3fc6be967') in 0.077123 seconds 
AssetImportWorkerClient::OnTransportError - code=2 error=End of file
